# do {main_tb_compile.do}
# ** Warning: (vlib-34) Library already exists at "modelsim_lib/work".
# ** Warning: (vlib-34) Library already exists at "modelsim_lib/msim".
# ** Warning: (vlib-34) Library already exists at "modelsim_lib/msim/dist_mem_gen_v8_0_13".
# ** Warning: (vlib-34) Library already exists at "modelsim_lib/msim/xil_defaultlib".
# Model Technology ModelSim SE-64 vmap 10.6e Lib Mapping Utility 2018.06 Jun 23 2018
# vmap dist_mem_gen_v8_0_13 modelsim_lib/msim/dist_mem_gen_v8_0_13 
# Modifying C:/modeltech64_10.6e/win64/../modelsim.ini
# Model Technology ModelSim SE-64 vmap 10.6e Lib Mapping Utility 2018.06 Jun 23 2018
# vmap xil_defaultlib modelsim_lib/msim/xil_defaultlib 
# Modifying C:/modeltech64_10.6e/win64/../modelsim.ini
# ** Warning: (vlog-159) Mode option -64 is not supported in this context and will be ignored.
# Model Technology ModelSim SE-64 vlog 10.6e Compiler 2018.06 Jun 23 2018
# Start time: 17:56:44 on Nov 21,2019
# vlog -64 -incr -work dist_mem_gen_v8_0_13 ../../../../project_8.ip_user_files/ipstatic/simulation/dist_mem_gen_v8_0.v 
# -- Skipping module dist_mem_gen_v8_0_13
# 
# Top level modules:
# 	dist_mem_gen_v8_0_13
# End time: 17:56:44 on Nov 21,2019, Elapsed time: 0:00:00
# Errors: 0, Warnings: 1
# ** Warning: (vlog-159) Mode option -64 is not supported in this context and will be ignored.
# Model Technology ModelSim SE-64 vlog 10.6e Compiler 2018.06 Jun 23 2018
# Start time: 17:56:44 on Nov 21,2019
# vlog -64 -incr -work xil_defaultlib ../../../../project_8.srcs/sources_1/ip/dist_mem_gen_0/sim/dist_mem_gen_0.v ../../../../project_8.srcs/sources_1/new/F_CODE.v ../../../../project_8.srcs/sources_1/new/SPKER.v ../../../../project_8.srcs/sources_1/new/main.v ../../../../project_8.srcs/sim_1/new/main_tb.v 
# -- Skipping module dist_mem_gen_0
# -- Skipping module F_CODE
# -- Skipping module SPKER
# -- Compiling module main
# -- Skipping module main_tb
# 
# Top level modules:
# 	main_tb
# End time: 17:56:44 on Nov 21,2019, Elapsed time: 0:00:00
# Errors: 0, Warnings: 1
# Model Technology ModelSim SE-64 vlog 10.6e Compiler 2018.06 Jun 23 2018
# Start time: 17:56:44 on Nov 21,2019
# vlog -work xil_defaultlib glbl.v 
# -- Compiling module glbl
# 
# Top level modules:
# 	glbl
# End time: 17:56:44 on Nov 21,2019, Elapsed time: 0:00:00
# Errors: 0, Warnings: 0
