#-----------------------------------------------------------
# Vivado v2019.1 (64-bit)
# SW Build 2552052 on Fri May 24 14:49:42 MDT 2019
# IP Build 2548770 on Fri May 24 18:01:18 MDT 2019
# Start of session at: Wed Dec 11 12:38:36 2019
# Process ID: 9560
# Current directory: C:/Users/YangZhen/Documents/VivadoProject/USTC-RVSoC-master/USTC-RVSoC-master/hardware/Vivado/ATIX7/RISC-V
# Command line: vivado.exe -gui_launcher_event rodinguilauncherevent12508 C:\Users\YangZhen\Documents\VivadoProject\USTC-RVSoC-master\USTC-RVSoC-master\hardware\Vivado\ATIX7\RISC-V\RISC-V.xpr
# Log file: C:/Users/YangZhen/Documents/VivadoProject/USTC-RVSoC-master/USTC-RVSoC-master/hardware/Vivado/ATIX7/RISC-V/vivado.log
# Journal file: C:/Users/YangZhen/Documents/VivadoProject/USTC-RVSoC-master/USTC-RVSoC-master/hardware/Vivado/ATIX7/RISC-V\vivado.jou
#-----------------------------------------------------------
start_gui
open_project C:/Users/YangZhen/Documents/VivadoProject/USTC-RVSoC-master/USTC-RVSoC-master/hardware/Vivado/ATIX7/RISC-V/RISC-V.xpr
INFO: [ProjectBase 1-489] The host OS only allows 260 characters in a normal path. The project is stored in a path with more than 80 characters. If you experience issues with IP, Block Designs, or files not being found, please consider moving the project to a location with a shorter path. Alternately consider using the OS subst command to map part of the path to a drive letter.
Current project path is 'C:/Users/YangZhen/Documents/VivadoProject/USTC-RVSoC-master/USTC-RVSoC-master/hardware/Vivado/ATIX7/RISC-V'
Scanning sources...
Finished scanning sources
INFO: [IP_Flow 19-234] Refreshing IP repositories
INFO: [IP_Flow 19-1704] No user IP repositories specified
INFO: [IP_Flow 19-2313] Loaded Vivado IP repository 'C:/Xilinx/Vivado/2019.1/data/ip'.
open_project: Time (s): cpu = 00:00:14 ; elapsed = 00:00:06 . Memory (MB): peak = 848.512 ; gain = 167.910
update_compile_order -fileset sources_1
reset_run synth_1
launch_runs impl_1 -to_step write_bitstream -jobs 8
[Wed Dec 11 12:43:04 2019] Launched synth_1...
Run output will be captured here: C:/Users/YangZhen/Documents/VivadoProject/USTC-RVSoC-master/USTC-RVSoC-master/hardware/Vivado/ATIX7/RISC-V/RISC-V.runs/synth_1/runme.log
[Wed Dec 11 12:43:04 2019] Launched impl_1...
Run output will be captured here: C:/Users/YangZhen/Documents/VivadoProject/USTC-RVSoC-master/USTC-RVSoC-master/hardware/Vivado/ATIX7/RISC-V/RISC-V.runs/impl_1/runme.log
reset_run synth_1
launch_runs impl_1 -to_step write_bitstream -jobs 8
[Wed Dec 11 12:52:30 2019] Launched synth_1...
Run output will be captured here: C:/Users/YangZhen/Documents/VivadoProject/USTC-RVSoC-master/USTC-RVSoC-master/hardware/Vivado/ATIX7/RISC-V/RISC-V.runs/synth_1/runme.log
[Wed Dec 11 12:52:30 2019] Launched impl_1...
Run output will be captured here: C:/Users/YangZhen/Documents/VivadoProject/USTC-RVSoC-master/USTC-RVSoC-master/hardware/Vivado/ATIX7/RISC-V/RISC-V.runs/impl_1/runme.log
open_hw
connect_hw_server
INFO: [Labtools 27-2285] Connecting to hw_server url TCP:localhost:3121
INFO: [Labtools 27-2222] Launching hw_server...
INFO: [Labtools 27-2221] Launch Output:

****** Xilinx hw_server v2019.1
  **** Build date : May 24 2019 at 15:13:31
    ** Copyright 1986-2019 Xilinx, Inc. All Rights Reserved.


open_hw_target
INFO: [Labtoolstcl 44-466] Opening hw_target localhost:3121/xilinx_tcf/Xilinx/1234-tulA
set_property PROGRAM.FILE {C:/Users/YangZhen/Documents/VivadoProject/USTC-RVSoC-master/USTC-RVSoC-master/hardware/Vivado/ATIX7/RISC-V/RISC-V.runs/impl_1/Artix_SoC_top.bit} [get_hw_devices xc7a35t_0]
current_hw_device [get_hw_devices xc7a35t_0]
refresh_hw_device -update_hw_probes false [lindex [get_hw_devices xc7a35t_0] 0]
INFO: [Labtools 27-1434] Device xc7a35t (JTAG device index = 0) is programmed with a design that has no supported debug core(s) in it.
set_property PROBES.FILE {} [get_hw_devices xc7a35t_0]
set_property FULL_PROBES.FILE {} [get_hw_devices xc7a35t_0]
set_property PROGRAM.FILE {C:/Users/YangZhen/Documents/VivadoProject/USTC-RVSoC-master/USTC-RVSoC-master/hardware/Vivado/ATIX7/RISC-V/RISC-V.runs/impl_1/Artix_SoC_top.bit} [get_hw_devices xc7a35t_0]
program_hw_devices [get_hw_devices xc7a35t_0]
INFO: [Labtools 27-3164] End of startup status: HIGH
refresh_hw_device [lindex [get_hw_devices xc7a35t_0] 0]
INFO: [Labtools 27-1434] Device xc7a35t (JTAG device index = 0) is programmed with a design that has no supported debug core(s) in it.
reset_run synth_1
launch_runs impl_1 -to_step write_bitstream -jobs 8
[Wed Dec 11 13:10:53 2019] Launched synth_1...
Run output will be captured here: C:/Users/YangZhen/Documents/VivadoProject/USTC-RVSoC-master/USTC-RVSoC-master/hardware/Vivado/ATIX7/RISC-V/RISC-V.runs/synth_1/runme.log
[Wed Dec 11 13:10:53 2019] Launched impl_1...
Run output will be captured here: C:/Users/YangZhen/Documents/VivadoProject/USTC-RVSoC-master/USTC-RVSoC-master/hardware/Vivado/ATIX7/RISC-V/RISC-V.runs/impl_1/runme.log
ERROR: [Labtoolstcl 44-513] HW Target shutdown. Closing target: localhost:3121/xilinx_tcf/Xilinx/1234-tulA
INFO: [Labtoolstcl 44-466] Opening hw_target localhost:3121/xilinx_tcf/Xilinx/1234-tulA
INFO: [Labtools 27-1435] Device xc7a35t (JTAG device index = 0) is not programmed (DONE status = 0).
WARNING: [Labtoolstcl 44-129] No matching hw_ila_data was found.
reset_run synth_1
launch_runs impl_1 -to_step write_bitstream -jobs 8
[Wed Dec 11 13:22:29 2019] Launched synth_1...
Run output will be captured here: C:/Users/YangZhen/Documents/VivadoProject/USTC-RVSoC-master/USTC-RVSoC-master/hardware/Vivado/ATIX7/RISC-V/RISC-V.runs/synth_1/runme.log
[Wed Dec 11 13:22:29 2019] Launched impl_1...
Run output will be captured here: C:/Users/YangZhen/Documents/VivadoProject/USTC-RVSoC-master/USTC-RVSoC-master/hardware/Vivado/ATIX7/RISC-V/RISC-V.runs/impl_1/runme.log
ERROR: [Labtoolstcl 44-513] HW Target shutdown. Closing target: localhost:3121/xilinx_tcf/Xilinx/1234-tulA
close_hw
open_hw
connect_hw_server
INFO: [Labtools 27-2285] Connecting to hw_server url TCP:localhost:3121
INFO: [Labtools 27-2222] Launching hw_server...
INFO: [Labtools 27-2221] Launch Output:

****** Xilinx hw_server v2019.1
  **** Build date : May 24 2019 at 15:13:31
    ** Copyright 1986-2019 Xilinx, Inc. All Rights Reserved.


open_hw_target
INFO: [Labtoolstcl 44-466] Opening hw_target localhost:3121/xilinx_tcf/Xilinx/1234-tulA
set_property PROGRAM.FILE {C:/Users/YangZhen/Documents/VivadoProject/USTC-RVSoC-master/USTC-RVSoC-master/hardware/Vivado/ATIX7/RISC-V/RISC-V.runs/impl_1/Artix_SoC_top.bit} [get_hw_devices xc7a35t_0]
current_hw_device [get_hw_devices xc7a35t_0]
refresh_hw_device -update_hw_probes false [lindex [get_hw_devices xc7a35t_0] 0]
INFO: [Labtools 27-1434] Device xc7a35t (JTAG device index = 0) is programmed with a design that has no supported debug core(s) in it.
set_property PROBES.FILE {} [get_hw_devices xc7a35t_0]
set_property FULL_PROBES.FILE {} [get_hw_devices xc7a35t_0]
set_property PROGRAM.FILE {C:/Users/YangZhen/Documents/VivadoProject/USTC-RVSoC-master/USTC-RVSoC-master/hardware/Vivado/ATIX7/RISC-V/RISC-V.runs/impl_1/Artix_SoC_top.bit} [get_hw_devices xc7a35t_0]
program_hw_devices [get_hw_devices xc7a35t_0]
INFO: [Labtools 27-3164] End of startup status: HIGH
refresh_hw_device [lindex [get_hw_devices xc7a35t_0] 0]
INFO: [Labtools 27-1434] Device xc7a35t (JTAG device index = 0) is programmed with a design that has no supported debug core(s) in it.
close_hw
set_property -dict [list CONFIG.data_width {4} CONFIG.default_data_radix {10}] [get_ips dist_mem_gen_0]
generate_target all [get_files  C:/Users/YangZhen/Documents/VivadoProject/USTC-RVSoC-master/USTC-RVSoC-master/hardware/Vivado/ATIX7/RISC-V/RISC-V.srcs/sources_1/ip/dist_mem_gen_0/dist_mem_gen_0.xci]
INFO: [IP_Flow 19-1686] Generating 'Instantiation Template' target for IP 'dist_mem_gen_0'...
INFO: [IP_Flow 19-1686] Generating 'Synthesis' target for IP 'dist_mem_gen_0'...
INFO: [IP_Flow 19-1686] Generating 'Simulation' target for IP 'dist_mem_gen_0'...
INFO: [IP_Flow 19-1686] Generating 'Change Log' target for IP 'dist_mem_gen_0'...
catch { config_ip_cache -export [get_ips -all dist_mem_gen_0] }
export_ip_user_files -of_objects [get_files C:/Users/YangZhen/Documents/VivadoProject/USTC-RVSoC-master/USTC-RVSoC-master/hardware/Vivado/ATIX7/RISC-V/RISC-V.srcs/sources_1/ip/dist_mem_gen_0/dist_mem_gen_0.xci] -no_script -sync -force -quiet
reset_run dist_mem_gen_0_synth_1
launch_runs -jobs 8 dist_mem_gen_0_synth_1
[Wed Dec 11 13:27:29 2019] Launched dist_mem_gen_0_synth_1...
Run output will be captured here: C:/Users/YangZhen/Documents/VivadoProject/USTC-RVSoC-master/USTC-RVSoC-master/hardware/Vivado/ATIX7/RISC-V/RISC-V.runs/dist_mem_gen_0_synth_1/runme.log
export_simulation -of_objects [get_files C:/Users/YangZhen/Documents/VivadoProject/USTC-RVSoC-master/USTC-RVSoC-master/hardware/Vivado/ATIX7/RISC-V/RISC-V.srcs/sources_1/ip/dist_mem_gen_0/dist_mem_gen_0.xci] -directory C:/Users/YangZhen/Documents/VivadoProject/USTC-RVSoC-master/USTC-RVSoC-master/hardware/Vivado/ATIX7/RISC-V/RISC-V.ip_user_files/sim_scripts -ip_user_files_dir C:/Users/YangZhen/Documents/VivadoProject/USTC-RVSoC-master/USTC-RVSoC-master/hardware/Vivado/ATIX7/RISC-V/RISC-V.ip_user_files -ipstatic_source_dir C:/Users/YangZhen/Documents/VivadoProject/USTC-RVSoC-master/USTC-RVSoC-master/hardware/Vivado/ATIX7/RISC-V/RISC-V.ip_user_files/ipstatic -lib_map_path [list {modelsim=D:/Xilinx/modeltech64_10.6e/vivado2018.3_lib} {questa=C:/Users/YangZhen/Documents/VivadoProject/USTC-RVSoC-master/USTC-RVSoC-master/hardware/Vivado/ATIX7/RISC-V/RISC-V.cache/compile_simlib/questa} {riviera=C:/Users/YangZhen/Documents/VivadoProject/USTC-RVSoC-master/USTC-RVSoC-master/hardware/Vivado/ATIX7/RISC-V/RISC-V.cache/compile_simlib/riviera} {activehdl=C:/Users/YangZhen/Documents/VivadoProject/USTC-RVSoC-master/USTC-RVSoC-master/hardware/Vivado/ATIX7/RISC-V/RISC-V.cache/compile_simlib/activehdl}] -use_ip_compiled_libs -force -quiet
reset_run synth_1
WARNING: [Vivado 12-1017] Problems encountered:
1. Failed to delete one or more files in run directory C:/Users/YangZhen/Documents/VivadoProject/USTC-RVSoC-master/USTC-RVSoC-master/hardware/Vivado/ATIX7/RISC-V/RISC-V.runs/synth_1

launch_runs impl_1 -to_step write_bitstream -jobs 8
[Wed Dec 11 13:27:38 2019] Launched dist_mem_gen_0_synth_1, synth_1...
Run output will be captured here:
dist_mem_gen_0_synth_1: C:/Users/YangZhen/Documents/VivadoProject/USTC-RVSoC-master/USTC-RVSoC-master/hardware/Vivado/ATIX7/RISC-V/RISC-V.runs/dist_mem_gen_0_synth_1/runme.log
synth_1: C:/Users/YangZhen/Documents/VivadoProject/USTC-RVSoC-master/USTC-RVSoC-master/hardware/Vivado/ATIX7/RISC-V/RISC-V.runs/synth_1/runme.log
[Wed Dec 11 13:27:38 2019] Launched impl_1...
Run output will be captured here: C:/Users/YangZhen/Documents/VivadoProject/USTC-RVSoC-master/USTC-RVSoC-master/hardware/Vivado/ATIX7/RISC-V/RISC-V.runs/impl_1/runme.log
open_hw
connect_hw_server
INFO: [Labtools 27-2285] Connecting to hw_server url TCP:localhost:3121
INFO: [Labtools 27-2222] Launching hw_server...
INFO: [Labtools 27-2221] Launch Output:

****** Xilinx hw_server v2019.1
  **** Build date : May 24 2019 at 15:13:31
    ** Copyright 1986-2019 Xilinx, Inc. All Rights Reserved.


open_hw_target
INFO: [Labtoolstcl 44-466] Opening hw_target localhost:3121/xilinx_tcf/Xilinx/1234-tulA
set_property PROGRAM.FILE {C:/Users/YangZhen/Documents/VivadoProject/USTC-RVSoC-master/USTC-RVSoC-master/hardware/Vivado/ATIX7/RISC-V/RISC-V.runs/impl_1/Artix_SoC_top.bit} [get_hw_devices xc7a35t_0]
current_hw_device [get_hw_devices xc7a35t_0]
refresh_hw_device -update_hw_probes false [lindex [get_hw_devices xc7a35t_0] 0]
INFO: [Labtools 27-1434] Device xc7a35t (JTAG device index = 0) is programmed with a design that has no supported debug core(s) in it.
set_property PROBES.FILE {} [get_hw_devices xc7a35t_0]
set_property FULL_PROBES.FILE {} [get_hw_devices xc7a35t_0]
set_property PROGRAM.FILE {C:/Users/YangZhen/Documents/VivadoProject/USTC-RVSoC-master/USTC-RVSoC-master/hardware/Vivado/ATIX7/RISC-V/RISC-V.runs/impl_1/Artix_SoC_top.bit} [get_hw_devices xc7a35t_0]
program_hw_devices [get_hw_devices xc7a35t_0]
INFO: [Labtools 27-3164] End of startup status: HIGH
refresh_hw_device [lindex [get_hw_devices xc7a35t_0] 0]
INFO: [Labtools 27-1434] Device xc7a35t (JTAG device index = 0) is programmed with a design that has no supported debug core(s) in it.
close_hw
set_property -dict [list CONFIG.memory_type {rom}] [get_ips dist_mem_gen_0]
generate_target all [get_files  C:/Users/YangZhen/Documents/VivadoProject/USTC-RVSoC-master/USTC-RVSoC-master/hardware/Vivado/ATIX7/RISC-V/RISC-V.srcs/sources_1/ip/dist_mem_gen_0/dist_mem_gen_0.xci]
INFO: [IP_Flow 19-1686] Generating 'Instantiation Template' target for IP 'dist_mem_gen_0'...
INFO: [IP_Flow 19-1686] Generating 'Synthesis' target for IP 'dist_mem_gen_0'...
INFO: [IP_Flow 19-1686] Generating 'Simulation' target for IP 'dist_mem_gen_0'...
INFO: [IP_Flow 19-1686] Generating 'Change Log' target for IP 'dist_mem_gen_0'...
catch { config_ip_cache -export [get_ips -all dist_mem_gen_0] }
export_ip_user_files -of_objects [get_files C:/Users/YangZhen/Documents/VivadoProject/USTC-RVSoC-master/USTC-RVSoC-master/hardware/Vivado/ATIX7/RISC-V/RISC-V.srcs/sources_1/ip/dist_mem_gen_0/dist_mem_gen_0.xci] -no_script -sync -force -quiet
reset_run dist_mem_gen_0_synth_1
launch_runs -jobs 8 dist_mem_gen_0_synth_1
[Wed Dec 11 13:36:31 2019] Launched dist_mem_gen_0_synth_1...
Run output will be captured here: C:/Users/YangZhen/Documents/VivadoProject/USTC-RVSoC-master/USTC-RVSoC-master/hardware/Vivado/ATIX7/RISC-V/RISC-V.runs/dist_mem_gen_0_synth_1/runme.log
export_simulation -of_objects [get_files C:/Users/YangZhen/Documents/VivadoProject/USTC-RVSoC-master/USTC-RVSoC-master/hardware/Vivado/ATIX7/RISC-V/RISC-V.srcs/sources_1/ip/dist_mem_gen_0/dist_mem_gen_0.xci] -directory C:/Users/YangZhen/Documents/VivadoProject/USTC-RVSoC-master/USTC-RVSoC-master/hardware/Vivado/ATIX7/RISC-V/RISC-V.ip_user_files/sim_scripts -ip_user_files_dir C:/Users/YangZhen/Documents/VivadoProject/USTC-RVSoC-master/USTC-RVSoC-master/hardware/Vivado/ATIX7/RISC-V/RISC-V.ip_user_files -ipstatic_source_dir C:/Users/YangZhen/Documents/VivadoProject/USTC-RVSoC-master/USTC-RVSoC-master/hardware/Vivado/ATIX7/RISC-V/RISC-V.ip_user_files/ipstatic -lib_map_path [list {modelsim=D:/Xilinx/modeltech64_10.6e/vivado2018.3_lib} {questa=C:/Users/YangZhen/Documents/VivadoProject/USTC-RVSoC-master/USTC-RVSoC-master/hardware/Vivado/ATIX7/RISC-V/RISC-V.cache/compile_simlib/questa} {riviera=C:/Users/YangZhen/Documents/VivadoProject/USTC-RVSoC-master/USTC-RVSoC-master/hardware/Vivado/ATIX7/RISC-V/RISC-V.cache/compile_simlib/riviera} {activehdl=C:/Users/YangZhen/Documents/VivadoProject/USTC-RVSoC-master/USTC-RVSoC-master/hardware/Vivado/ATIX7/RISC-V/RISC-V.cache/compile_simlib/activehdl}] -use_ip_compiled_libs -force -quiet
reset_run synth_1
WARNING: [Vivado 12-1017] Problems encountered:
1. Failed to delete one or more files in run directory C:/Users/YangZhen/Documents/VivadoProject/USTC-RVSoC-master/USTC-RVSoC-master/hardware/Vivado/ATIX7/RISC-V/RISC-V.runs/synth_1

launch_runs impl_1 -to_step write_bitstream -jobs 8
[Wed Dec 11 13:36:41 2019] Launched dist_mem_gen_0_synth_1, synth_1...
Run output will be captured here:
dist_mem_gen_0_synth_1: C:/Users/YangZhen/Documents/VivadoProject/USTC-RVSoC-master/USTC-RVSoC-master/hardware/Vivado/ATIX7/RISC-V/RISC-V.runs/dist_mem_gen_0_synth_1/runme.log
synth_1: C:/Users/YangZhen/Documents/VivadoProject/USTC-RVSoC-master/USTC-RVSoC-master/hardware/Vivado/ATIX7/RISC-V/RISC-V.runs/synth_1/runme.log
[Wed Dec 11 13:36:41 2019] Launched impl_1...
Run output will be captured here: C:/Users/YangZhen/Documents/VivadoProject/USTC-RVSoC-master/USTC-RVSoC-master/hardware/Vivado/ATIX7/RISC-V/RISC-V.runs/impl_1/runme.log
reset_run synth_1
WARNING: [Vivado 12-1017] Problems encountered:
1. Failed to delete one or more files in run directory C:/Users/YangZhen/Documents/VivadoProject/USTC-RVSoC-master/USTC-RVSoC-master/hardware/Vivado/ATIX7/RISC-V/RISC-V.runs/synth_1

reset_run dist_mem_gen_0_synth_1
set_property -dict [list CONFIG.coefficient_file {C:/Users/YangZhen/Documents/VivadoProject/USTC-RVSoC-master/USTC-RVSoC-master/hardware/Vivado/ATIX7/RISC-V/music.coe}] [get_ips dist_mem_gen_0]
INFO: [IP_Flow 19-3484] Absolute path of file 'c:/Users/YangZhen/Documents/VivadoProject/USTC-RVSoC-master/USTC-RVSoC-master/hardware/Vivado/ATIX7/RISC-V/music.coe' provided. It will be converted relative to IP Instance files '../../../../music.coe'
launch_runs impl_1 -to_step write_bitstream -jobs 8
[Wed Dec 11 13:37:40 2019] Launched dist_mem_gen_0_synth_1, synth_1...
Run output will be captured here:
dist_mem_gen_0_synth_1: C:/Users/YangZhen/Documents/VivadoProject/USTC-RVSoC-master/USTC-RVSoC-master/hardware/Vivado/ATIX7/RISC-V/RISC-V.runs/dist_mem_gen_0_synth_1/runme.log
synth_1: C:/Users/YangZhen/Documents/VivadoProject/USTC-RVSoC-master/USTC-RVSoC-master/hardware/Vivado/ATIX7/RISC-V/RISC-V.runs/synth_1/runme.log
[Wed Dec 11 13:37:40 2019] Launched impl_1...
Run output will be captured here: C:/Users/YangZhen/Documents/VivadoProject/USTC-RVSoC-master/USTC-RVSoC-master/hardware/Vivado/ATIX7/RISC-V/RISC-V.runs/impl_1/runme.log
open_hw
connect_hw_server
INFO: [Labtools 27-2285] Connecting to hw_server url TCP:localhost:3121
INFO: [Labtools 27-2222] Launching hw_server...
INFO: [Labtools 27-2221] Launch Output:

****** Xilinx hw_server v2019.1
  **** Build date : May 24 2019 at 15:13:31
    ** Copyright 1986-2019 Xilinx, Inc. All Rights Reserved.


open_hw_target
INFO: [Labtoolstcl 44-466] Opening hw_target localhost:3121/xilinx_tcf/Xilinx/1234-tulA
set_property PROGRAM.FILE {C:/Users/YangZhen/Documents/VivadoProject/USTC-RVSoC-master/USTC-RVSoC-master/hardware/Vivado/ATIX7/RISC-V/RISC-V.runs/impl_1/Artix_SoC_top.bit} [get_hw_devices xc7a35t_0]
current_hw_device [get_hw_devices xc7a35t_0]
refresh_hw_device -update_hw_probes false [lindex [get_hw_devices xc7a35t_0] 0]
INFO: [Labtools 27-1434] Device xc7a35t (JTAG device index = 0) is programmed with a design that has no supported debug core(s) in it.
set_property PROBES.FILE {} [get_hw_devices xc7a35t_0]
set_property FULL_PROBES.FILE {} [get_hw_devices xc7a35t_0]
set_property PROGRAM.FILE {C:/Users/YangZhen/Documents/VivadoProject/USTC-RVSoC-master/USTC-RVSoC-master/hardware/Vivado/ATIX7/RISC-V/RISC-V.runs/impl_1/Artix_SoC_top.bit} [get_hw_devices xc7a35t_0]
program_hw_devices [get_hw_devices xc7a35t_0]
INFO: [Labtools 27-3164] End of startup status: HIGH
refresh_hw_device [lindex [get_hw_devices xc7a35t_0] 0]
INFO: [Labtools 27-1434] Device xc7a35t (JTAG device index = 0) is programmed with a design that has no supported debug core(s) in it.
ERROR: [Labtoolstcl 44-513] HW Target shutdown. Closing target: localhost:3121/xilinx_tcf/Xilinx/1234-tulA
INFO: [Labtoolstcl 44-466] Opening hw_target localhost:3121/xilinx_tcf/Xilinx/1234-tulA
INFO: [Labtools 27-1435] Device xc7a35t (JTAG device index = 0) is not programmed (DONE status = 0).
WARNING: [Labtoolstcl 44-129] No matching hw_ila_data was found.
ERROR: [Labtoolstcl 44-513] HW Target shutdown. Closing target: localhost:3121/xilinx_tcf/Xilinx/1234-tulA
INFO: [Labtoolstcl 44-466] Opening hw_target localhost:3121/xilinx_tcf/Xilinx/1234-tulA
INFO: [Labtools 27-1435] Device xc7a35t (JTAG device index = 0) is not programmed (DONE status = 0).
WARNING: [Labtoolstcl 44-129] No matching hw_ila_data was found.
set_property PROBES.FILE {} [get_hw_devices xc7a35t_0]
set_property FULL_PROBES.FILE {} [get_hw_devices xc7a35t_0]
set_property PROGRAM.FILE {C:/Users/YangZhen/Documents/VivadoProject/USTC-RVSoC-master/USTC-RVSoC-master/hardware/Vivado/ATIX7/RISC-V/RISC-V.runs/impl_1/Artix_SoC_top.bit} [get_hw_devices xc7a35t_0]
program_hw_devices [get_hw_devices xc7a35t_0]
INFO: [Labtools 27-3164] End of startup status: HIGH
refresh_hw_device [lindex [get_hw_devices xc7a35t_0] 0]
INFO: [Labtools 27-1434] Device xc7a35t (JTAG device index = 0) is programmed with a design that has no supported debug core(s) in it.
refresh_hw_device [lindex [get_hw_devices xc7a35t_0] 0]
INFO: [Labtools 27-1434] Device xc7a35t (JTAG device index = 0) is programmed with a design that has no supported debug core(s) in it.
close_hw
WARNING: [filemgmt 56-199] Attempt to get parsing info during refresh. "On-the-fly" syntax checking information may be incorrect. [C:/Users/YangZhen/Documents/VivadoProject/USTC-RVSoC-master/USTC-RVSoC-master/hardware/Vivado/ATIX7/RISC-V/RISC-V.srcs/sources_1/imports/RTL/ram.sv:]
WARNING: [filemgmt 56-199] Attempt to get parsing info during refresh. "On-the-fly" syntax checking information may be incorrect. [C:/Users/YangZhen/Documents/VivadoProject/USTC-RVSoC-master/USTC-RVSoC-master/hardware/Vivado/ATIX7/RISC-V/RISC-V.srcs/sources_1/imports/RTL/uart_tx_line.sv:]
WARNING: [filemgmt 56-199] Attempt to get parsing info during refresh. "On-the-fly" syntax checking information may be incorrect. [C:/Users/YangZhen/Documents/VivadoProject/USTC-RVSoC-master/USTC-RVSoC-master/hardware/Vivado/ATIX7/RISC-V/RISC-V.srcs/sources_1/imports/RTL/user_uart_tx.sv:]
WARNING: [filemgmt 56-199] Attempt to get parsing info during refresh. "On-the-fly" syntax checking information may be incorrect. [C:/Users/YangZhen/Documents/VivadoProject/USTC-RVSoC-master/USTC-RVSoC-master/hardware/Vivado/ATIX7/RISC-V/RISC-V.srcs/sources_1/imports/RTL/core_top.sv:]
WARNING: [filemgmt 56-199] Attempt to get parsing info during refresh. "On-the-fly" syntax checking information may be incorrect. [C:/Users/YangZhen/Documents/VivadoProject/USTC-RVSoC-master/USTC-RVSoC-master/hardware/Vivado/ATIX7/RISC-V/RISC-V.srcs/sources_1/new/Artix_Soc_Top.v:]
WARNING: [filemgmt 56-199] Attempt to get parsing info during refresh. "On-the-fly" syntax checking information may be incorrect. [C:/Users/YangZhen/Documents/VivadoProject/USTC-RVSoC-master/USTC-RVSoC-master/hardware/Vivado/ATIX7/RISC-V/RISC-V.srcs/sources_1/new/SPEAKER.v:]
WARNING: [filemgmt 56-199] Attempt to get parsing info during refresh. "On-the-fly" syntax checking information may be incorrect. [C:/Users/YangZhen/Documents/VivadoProject/USTC-RVSoC-master/USTC-RVSoC-master/hardware/Vivado/ATIX7/RISC-V/RISC-V.srcs/sources_1/imports/RTL/soc_top.sv:]
WARNING: [filemgmt 56-199] Attempt to get parsing info during refresh. "On-the-fly" syntax checking information may be incorrect. [C:/Users/YangZhen/Documents/VivadoProject/USTC-RVSoC-master/USTC-RVSoC-master/hardware/Vivado/ATIX7/RISC-V/RISC-V.srcs/sources_1/imports/RTL/instr_rom.sv:]
WARNING: [filemgmt 56-199] Attempt to get parsing info during refresh. "On-the-fly" syntax checking information may be incorrect. [C:/Users/YangZhen/Documents/VivadoProject/USTC-RVSoC-master/USTC-RVSoC-master/hardware/Vivado/ATIX7/RISC-V/RISC-V.srcs/sources_1/imports/RTL/ram.sv:]
WARNING: [filemgmt 56-199] Attempt to get parsing info during refresh. "On-the-fly" syntax checking information may be incorrect. [C:/Users/YangZhen/Documents/VivadoProject/USTC-RVSoC-master/USTC-RVSoC-master/hardware/Vivado/ATIX7/RISC-V/RISC-V.srcs/sources_1/imports/RTL/uart_tx_line.sv:]
WARNING: [filemgmt 56-199] Attempt to get parsing info during refresh. "On-the-fly" syntax checking information may be incorrect. [C:/Users/YangZhen/Documents/VivadoProject/USTC-RVSoC-master/USTC-RVSoC-master/hardware/Vivado/ATIX7/RISC-V/RISC-V.srcs/sources_1/imports/RTL/user_uart_tx.sv:]
WARNING: [filemgmt 56-199] Attempt to get parsing info during refresh. "On-the-fly" syntax checking information may be incorrect. [C:/Users/YangZhen/Documents/VivadoProject/USTC-RVSoC-master/USTC-RVSoC-master/hardware/Vivado/ATIX7/RISC-V/RISC-V.srcs/sources_1/imports/RTL/core_top.sv:]
WARNING: [filemgmt 56-199] Attempt to get parsing info during refresh. "On-the-fly" syntax checking information may be incorrect. [C:/Users/YangZhen/Documents/VivadoProject/USTC-RVSoC-master/USTC-RVSoC-master/hardware/Vivado/ATIX7/RISC-V/RISC-V.srcs/sources_1/new/Artix_Soc_Top.v:]
WARNING: [filemgmt 56-199] Attempt to get parsing info during refresh. "On-the-fly" syntax checking information may be incorrect. [C:/Users/YangZhen/Documents/VivadoProject/USTC-RVSoC-master/USTC-RVSoC-master/hardware/Vivado/ATIX7/RISC-V/RISC-V.srcs/sources_1/new/SPEAKER.v:]
WARNING: [filemgmt 56-199] Attempt to get parsing info during refresh. "On-the-fly" syntax checking information may be incorrect. [C:/Users/YangZhen/Documents/VivadoProject/USTC-RVSoC-master/USTC-RVSoC-master/hardware/Vivado/ATIX7/RISC-V/RISC-V.srcs/sources_1/imports/RTL/soc_top.sv:]
WARNING: [filemgmt 56-199] Attempt to get parsing info during refresh. "On-the-fly" syntax checking information may be incorrect. [C:/Users/YangZhen/Documents/VivadoProject/USTC-RVSoC-master/USTC-RVSoC-master/hardware/Vivado/ATIX7/RISC-V/RISC-V.srcs/sources_1/imports/RTL/instr_rom.sv:]
WARNING: [filemgmt 56-199] Attempt to get parsing info during refresh. "On-the-fly" syntax checking information may be incorrect. [C:/Users/YangZhen/Documents/VivadoProject/USTC-RVSoC-master/USTC-RVSoC-master/hardware/Vivado/ATIX7/RISC-V/RISC-V.srcs/sources_1/imports/RTL/ram.sv:]
WARNING: [filemgmt 56-199] Attempt to get parsing info during refresh. "On-the-fly" syntax checking information may be incorrect. [C:/Users/YangZhen/Documents/VivadoProject/USTC-RVSoC-master/USTC-RVSoC-master/hardware/Vivado/ATIX7/RISC-V/RISC-V.srcs/sources_1/imports/RTL/uart_tx_line.sv:]
WARNING: [filemgmt 56-199] Attempt to get parsing info during refresh. "On-the-fly" syntax checking information may be incorrect. [C:/Users/YangZhen/Documents/VivadoProject/USTC-RVSoC-master/USTC-RVSoC-master/hardware/Vivado/ATIX7/RISC-V/RISC-V.srcs/sources_1/imports/RTL/user_uart_tx.sv:]
WARNING: [filemgmt 56-199] Attempt to get parsing info during refresh. "On-the-fly" syntax checking information may be incorrect. [C:/Users/YangZhen/Documents/VivadoProject/USTC-RVSoC-master/USTC-RVSoC-master/hardware/Vivado/ATIX7/RISC-V/RISC-V.srcs/sources_1/imports/RTL/core_top.sv:]
WARNING: [filemgmt 56-199] Attempt to get parsing info during refresh. "On-the-fly" syntax checking information may be incorrect. [C:/Users/YangZhen/Documents/VivadoProject/USTC-RVSoC-master/USTC-RVSoC-master/hardware/Vivado/ATIX7/RISC-V/RISC-V.srcs/sources_1/new/Artix_Soc_Top.v:]
WARNING: [filemgmt 56-199] Attempt to get parsing info during refresh. "On-the-fly" syntax checking information may be incorrect. [C:/Users/YangZhen/Documents/VivadoProject/USTC-RVSoC-master/USTC-RVSoC-master/hardware/Vivado/ATIX7/RISC-V/RISC-V.srcs/sources_1/new/SPEAKER.v:]
WARNING: [filemgmt 56-199] Attempt to get parsing info during refresh. "On-the-fly" syntax checking information may be incorrect. [C:/Users/YangZhen/Documents/VivadoProject/USTC-RVSoC-master/USTC-RVSoC-master/hardware/Vivado/ATIX7/RISC-V/RISC-V.srcs/sources_1/imports/RTL/soc_top.sv:]
WARNING: [filemgmt 56-199] Attempt to get parsing info during refresh. "On-the-fly" syntax checking information may be incorrect. [C:/Users/YangZhen/Documents/VivadoProject/USTC-RVSoC-master/USTC-RVSoC-master/hardware/Vivado/ATIX7/RISC-V/RISC-V.srcs/sources_1/imports/RTL/instr_rom.sv:]
WARNING: [filemgmt 56-199] Attempt to get parsing info during refresh. "On-the-fly" syntax checking information may be incorrect. [C:/Users/YangZhen/Documents/VivadoProject/USTC-RVSoC-master/USTC-RVSoC-master/hardware/Vivado/ATIX7/RISC-V/RISC-V.srcs/sources_1/imports/RTL/ram.sv:]
WARNING: [filemgmt 56-199] Attempt to get parsing info during refresh. "On-the-fly" syntax checking information may be incorrect. [C:/Users/YangZhen/Documents/VivadoProject/USTC-RVSoC-master/USTC-RVSoC-master/hardware/Vivado/ATIX7/RISC-V/RISC-V.srcs/sources_1/imports/RTL/uart_tx_line.sv:]
WARNING: [filemgmt 56-199] Attempt to get parsing info during refresh. "On-the-fly" syntax checking information may be incorrect. [C:/Users/YangZhen/Documents/VivadoProject/USTC-RVSoC-master/USTC-RVSoC-master/hardware/Vivado/ATIX7/RISC-V/RISC-V.srcs/sources_1/imports/RTL/user_uart_tx.sv:]
WARNING: [filemgmt 56-199] Attempt to get parsing info during refresh. "On-the-fly" syntax checking information may be incorrect. [C:/Users/YangZhen/Documents/VivadoProject/USTC-RVSoC-master/USTC-RVSoC-master/hardware/Vivado/ATIX7/RISC-V/RISC-V.srcs/sources_1/imports/RTL/core_top.sv:]
WARNING: [filemgmt 56-199] Attempt to get parsing info during refresh. "On-the-fly" syntax checking information may be incorrect. [C:/Users/YangZhen/Documents/VivadoProject/USTC-RVSoC-master/USTC-RVSoC-master/hardware/Vivado/ATIX7/RISC-V/RISC-V.srcs/sources_1/new/Artix_Soc_Top.v:]
WARNING: [filemgmt 56-199] Attempt to get parsing info during refresh. "On-the-fly" syntax checking information may be incorrect. [C:/Users/YangZhen/Documents/VivadoProject/USTC-RVSoC-master/USTC-RVSoC-master/hardware/Vivado/ATIX7/RISC-V/RISC-V.srcs/sources_1/new/SPEAKER.v:]
WARNING: [filemgmt 56-199] Attempt to get parsing info during refresh. "On-the-fly" syntax checking information may be incorrect. [C:/Users/YangZhen/Documents/VivadoProject/USTC-RVSoC-master/USTC-RVSoC-master/hardware/Vivado/ATIX7/RISC-V/RISC-V.srcs/sources_1/imports/RTL/soc_top.sv:]
WARNING: [filemgmt 56-199] Attempt to get parsing info during refresh. "On-the-fly" syntax checking information may be incorrect. [C:/Users/YangZhen/Documents/VivadoProject/USTC-RVSoC-master/USTC-RVSoC-master/hardware/Vivado/ATIX7/RISC-V/RISC-V.srcs/sources_1/imports/RTL/instr_rom.sv:]
ERROR: [Common 17-180] Spawn failed: No error
WARNING: [filemgmt 56-199] Attempt to get parsing info during refresh. "On-the-fly" syntax checking information may be incorrect. [C:/Users/YangZhen/Documents/VivadoProject/USTC-RVSoC-master/USTC-RVSoC-master/hardware/Vivado/ATIX7/RISC-V/RISC-V.srcs/sources_1/imports/RTL/ram.sv:]
WARNING: [filemgmt 56-199] Attempt to get parsing info during refresh. "On-the-fly" syntax checking information may be incorrect. [C:/Users/YangZhen/Documents/VivadoProject/USTC-RVSoC-master/USTC-RVSoC-master/hardware/Vivado/ATIX7/RISC-V/RISC-V.srcs/sources_1/imports/RTL/uart_tx_line.sv:]
WARNING: [filemgmt 56-199] Attempt to get parsing info during refresh. "On-the-fly" syntax checking information may be incorrect. [C:/Users/YangZhen/Documents/VivadoProject/USTC-RVSoC-master/USTC-RVSoC-master/hardware/Vivado/ATIX7/RISC-V/RISC-V.srcs/sources_1/imports/RTL/user_uart_tx.sv:]
WARNING: [filemgmt 56-199] Attempt to get parsing info during refresh. "On-the-fly" syntax checking information may be incorrect. [C:/Users/YangZhen/Documents/VivadoProject/USTC-RVSoC-master/USTC-RVSoC-master/hardware/Vivado/ATIX7/RISC-V/RISC-V.srcs/sources_1/imports/RTL/core_top.sv:]
WARNING: [filemgmt 56-199] Attempt to get parsing info during refresh. "On-the-fly" syntax checking information may be incorrect. [C:/Users/YangZhen/Documents/VivadoProject/USTC-RVSoC-master/USTC-RVSoC-master/hardware/Vivado/ATIX7/RISC-V/RISC-V.srcs/sources_1/new/Artix_Soc_Top.v:]
WARNING: [filemgmt 56-199] Attempt to get parsing info during refresh. "On-the-fly" syntax checking information may be incorrect. [C:/Users/YangZhen/Documents/VivadoProject/USTC-RVSoC-master/USTC-RVSoC-master/hardware/Vivado/ATIX7/RISC-V/RISC-V.srcs/sources_1/new/SPEAKER.v:]
WARNING: [filemgmt 56-199] Attempt to get parsing info during refresh. "On-the-fly" syntax checking information may be incorrect. [C:/Users/YangZhen/Documents/VivadoProject/USTC-RVSoC-master/USTC-RVSoC-master/hardware/Vivado/ATIX7/RISC-V/RISC-V.srcs/sources_1/imports/RTL/soc_top.sv:]
WARNING: [filemgmt 56-199] Attempt to get parsing info during refresh. "On-the-fly" syntax checking information may be incorrect. [C:/Users/YangZhen/Documents/VivadoProject/USTC-RVSoC-master/USTC-RVSoC-master/hardware/Vivado/ATIX7/RISC-V/RISC-V.srcs/sources_1/imports/RTL/instr_rom.sv:]
ERROR: [Common 17-180] Spawn failed: No error
WARNING: [filemgmt 56-199] Attempt to get parsing info during refresh. "On-the-fly" syntax checking information may be incorrect. [C:/Users/YangZhen/Documents/VivadoProject/USTC-RVSoC-master/USTC-RVSoC-master/hardware/Vivado/ATIX7/RISC-V/RISC-V.srcs/sources_1/imports/RTL/ram.sv:]
WARNING: [filemgmt 56-199] Attempt to get parsing info during refresh. "On-the-fly" syntax checking information may be incorrect. [C:/Users/YangZhen/Documents/VivadoProject/USTC-RVSoC-master/USTC-RVSoC-master/hardware/Vivado/ATIX7/RISC-V/RISC-V.srcs/sources_1/imports/RTL/uart_tx_line.sv:]
WARNING: [filemgmt 56-199] Attempt to get parsing info during refresh. "On-the-fly" syntax checking information may be incorrect. [C:/Users/YangZhen/Documents/VivadoProject/USTC-RVSoC-master/USTC-RVSoC-master/hardware/Vivado/ATIX7/RISC-V/RISC-V.srcs/sources_1/imports/RTL/user_uart_tx.sv:]
WARNING: [filemgmt 56-199] Attempt to get parsing info during refresh. "On-the-fly" syntax checking information may be incorrect. [C:/Users/YangZhen/Documents/VivadoProject/USTC-RVSoC-master/USTC-RVSoC-master/hardware/Vivado/ATIX7/RISC-V/RISC-V.srcs/sources_1/imports/RTL/core_top.sv:]
WARNING: [filemgmt 56-199] Attempt to get parsing info during refresh. "On-the-fly" syntax checking information may be incorrect. [C:/Users/YangZhen/Documents/VivadoProject/USTC-RVSoC-master/USTC-RVSoC-master/hardware/Vivado/ATIX7/RISC-V/RISC-V.srcs/sources_1/new/Artix_Soc_Top.v:]
WARNING: [filemgmt 56-199] Attempt to get parsing info during refresh. "On-the-fly" syntax checking information may be incorrect. [C:/Users/YangZhen/Documents/VivadoProject/USTC-RVSoC-master/USTC-RVSoC-master/hardware/Vivado/ATIX7/RISC-V/RISC-V.srcs/sources_1/new/SPEAKER.v:]
WARNING: [filemgmt 56-199] Attempt to get parsing info during refresh. "On-the-fly" syntax checking information may be incorrect. [C:/Users/YangZhen/Documents/VivadoProject/USTC-RVSoC-master/USTC-RVSoC-master/hardware/Vivado/ATIX7/RISC-V/RISC-V.srcs/sources_1/imports/RTL/soc_top.sv:]
WARNING: [filemgmt 56-199] Attempt to get parsing info during refresh. "On-the-fly" syntax checking information may be incorrect. [C:/Users/YangZhen/Documents/VivadoProject/USTC-RVSoC-master/USTC-RVSoC-master/hardware/Vivado/ATIX7/RISC-V/RISC-V.srcs/sources_1/imports/RTL/instr_rom.sv:]
ERROR: [Common 17-180] Spawn failed: No error
ERROR: [Common 17-180] Spawn failed: No error
open_hw
connect_hw_server
INFO: [Labtools 27-2285] Connecting to hw_server url TCP:localhost:3121
INFO: [Labtools 27-2222] Launching hw_server...
INFO: [Labtools 27-2221] Launch Output:

****** Xilinx hw_server v2019.1
  **** Build date : May 24 2019 at 15:13:31
    ** Copyright 1986-2019 Xilinx, Inc. All Rights Reserved.


open_hw_target
INFO: [Labtoolstcl 44-466] Opening hw_target localhost:3121/xilinx_tcf/Xilinx/1234-tulA
set_property PROGRAM.FILE {C:/Users/YangZhen/Documents/VivadoProject/USTC-RVSoC-master/USTC-RVSoC-master/hardware/Vivado/ATIX7/RISC-V/RISC-V.runs/impl_1/Artix_SoC_top.bit} [get_hw_devices xc7a35t_0]
current_hw_device [get_hw_devices xc7a35t_0]
refresh_hw_device -update_hw_probes false [lindex [get_hw_devices xc7a35t_0] 0]
INFO: [Labtools 27-1434] Device xc7a35t (JTAG device index = 0) is programmed with a design that has no supported debug core(s) in it.
set_property PROBES.FILE {} [get_hw_devices xc7a35t_0]
set_property FULL_PROBES.FILE {} [get_hw_devices xc7a35t_0]
set_property PROGRAM.FILE {C:/Users/YangZhen/Documents/VivadoProject/USTC-RVSoC-master/USTC-RVSoC-master/hardware/Vivado/ATIX7/RISC-V/RISC-V.runs/impl_1/Artix_SoC_top.bit} [get_hw_devices xc7a35t_0]
program_hw_devices [get_hw_devices xc7a35t_0]
INFO: [Labtools 27-3164] End of startup status: HIGH
refresh_hw_device [lindex [get_hw_devices xc7a35t_0] 0]
INFO: [Labtools 27-1434] Device xc7a35t (JTAG device index = 0) is programmed with a design that has no supported debug core(s) in it.
ERROR: [Labtoolstcl 44-513] HW Target shutdown. Closing target: localhost:3121/xilinx_tcf/Xilinx/1234-tulA
close_hw
update_compile_order -fileset sources_1
export_ip_user_files -of_objects  [get_files C:/Users/YangZhen/Documents/VivadoProject/USTC-RVSoC-master/USTC-RVSoC-master/hardware/Vivado/ATIX7/RISC-V/RISC-V.srcs/sources_1/ip/dist_mem_gen_0/dist_mem_gen_0.xci] -no_script -reset -force -quiet
remove_files  -fileset dist_mem_gen_0 C:/Users/YangZhen/Documents/VivadoProject/USTC-RVSoC-master/USTC-RVSoC-master/hardware/Vivado/ATIX7/RISC-V/RISC-V.srcs/sources_1/ip/dist_mem_gen_0/dist_mem_gen_0.xci
INFO: [Project 1-386] Moving file 'C:/Users/YangZhen/Documents/VivadoProject/USTC-RVSoC-master/USTC-RVSoC-master/hardware/Vivado/ATIX7/RISC-V/RISC-V.srcs/sources_1/ip/dist_mem_gen_0/dist_mem_gen_0.xci' from fileset 'dist_mem_gen_0' to fileset 'sources_1'.
file delete -force C:/Users/YangZhen/Documents/VivadoProject/USTC-RVSoC-master/USTC-RVSoC-master/hardware/Vivado/ATIX7/RISC-V/RISC-V.srcs/sources_1/ip/dist_mem_gen_0
update_compile_order -fileset sources_1
WARNING: [filemgmt 56-199] Attempt to get parsing info during refresh. "On-the-fly" syntax checking information may be incorrect. [C:/Users/YangZhen/Documents/VivadoProject/USTC-RVSoC-master/USTC-RVSoC-master/hardware/Vivado/ATIX7/RISC-V/RISC-V.srcs/sources_1/imports/RTL/naive_bus_router.sv:]
WARNING: [filemgmt 56-199] Attempt to get parsing info during refresh. "On-the-fly" syntax checking information may be incorrect. [C:/Users/YangZhen/Documents/VivadoProject/USTC-RVSoC-master/USTC-RVSoC-master/hardware/Vivado/ATIX7/RISC-V/RISC-V.srcs/sources_1/imports/RTL/video_ram.sv:]
WARNING: [filemgmt 56-199] Attempt to get parsing info during refresh. "On-the-fly" syntax checking information may be incorrect. [C:/Users/YangZhen/Documents/VivadoProject/USTC-RVSoC-master/USTC-RVSoC-master/hardware/Vivado/ATIX7/RISC-V/RISC-V.srcs/sources_1/imports/RTL/ram_bus_wrapper.sv:]
WARNING: [filemgmt 56-199] Attempt to get parsing info during refresh. "On-the-fly" syntax checking information may be incorrect. [C:/Users/YangZhen/Documents/VivadoProject/USTC-RVSoC-master/USTC-RVSoC-master/hardware/Vivado/ATIX7/RISC-V/RISC-V.srcs/sources_1/imports/RTL/isp_uart.sv:]
WARNING: [filemgmt 56-199] Attempt to get parsing info during refresh. "On-the-fly" syntax checking information may be incorrect. [C:/Users/YangZhen/Documents/VivadoProject/USTC-RVSoC-master/USTC-RVSoC-master/hardware/Vivado/ATIX7/RISC-V/RISC-V.srcs/sources_1/new/SPEAKER.v:]
WARNING: [filemgmt 56-199] Attempt to get parsing info during refresh. "On-the-fly" syntax checking information may be incorrect. [C:/Users/YangZhen/Documents/VivadoProject/USTC-RVSoC-master/USTC-RVSoC-master/hardware/Vivado/ATIX7/RISC-V/RISC-V.srcs/sources_1/imports/RTL/user_uart_tx.sv:]
WARNING: [filemgmt 56-199] Attempt to get parsing info during refresh. "On-the-fly" syntax checking information may be incorrect. [C:/Users/YangZhen/Documents/VivadoProject/USTC-RVSoC-master/USTC-RVSoC-master/hardware/Vivado/ATIX7/RISC-V/RISC-V.srcs/sources_1/imports/RTL/soc_top.sv:]
WARNING: [filemgmt 56-199] Attempt to get parsing info during refresh. "On-the-fly" syntax checking information may be incorrect. [C:/Users/YangZhen/Documents/VivadoProject/USTC-RVSoC-master/USTC-RVSoC-master/hardware/Vivado/ATIX7/RISC-V/RISC-V.srcs/sources_1/imports/RTL/naive_bus_router.sv:]
WARNING: [filemgmt 56-199] Attempt to get parsing info during refresh. "On-the-fly" syntax checking information may be incorrect. [C:/Users/YangZhen/Documents/VivadoProject/USTC-RVSoC-master/USTC-RVSoC-master/hardware/Vivado/ATIX7/RISC-V/RISC-V.srcs/sources_1/imports/RTL/video_ram.sv:]
WARNING: [filemgmt 56-199] Attempt to get parsing info during refresh. "On-the-fly" syntax checking information may be incorrect. [C:/Users/YangZhen/Documents/VivadoProject/USTC-RVSoC-master/USTC-RVSoC-master/hardware/Vivado/ATIX7/RISC-V/RISC-V.srcs/sources_1/imports/RTL/ram_bus_wrapper.sv:]
WARNING: [filemgmt 56-199] Attempt to get parsing info during refresh. "On-the-fly" syntax checking information may be incorrect. [C:/Users/YangZhen/Documents/VivadoProject/USTC-RVSoC-master/USTC-RVSoC-master/hardware/Vivado/ATIX7/RISC-V/RISC-V.srcs/sources_1/imports/RTL/isp_uart.sv:]
WARNING: [filemgmt 56-199] Attempt to get parsing info during refresh. "On-the-fly" syntax checking information may be incorrect. [C:/Users/YangZhen/Documents/VivadoProject/USTC-RVSoC-master/USTC-RVSoC-master/hardware/Vivado/ATIX7/RISC-V/RISC-V.srcs/sources_1/new/SPEAKER.v:]
WARNING: [filemgmt 56-199] Attempt to get parsing info during refresh. "On-the-fly" syntax checking information may be incorrect. [C:/Users/YangZhen/Documents/VivadoProject/USTC-RVSoC-master/USTC-RVSoC-master/hardware/Vivado/ATIX7/RISC-V/RISC-V.srcs/sources_1/imports/RTL/user_uart_tx.sv:]
WARNING: [filemgmt 56-199] Attempt to get parsing info during refresh. "On-the-fly" syntax checking information may be incorrect. [C:/Users/YangZhen/Documents/VivadoProject/USTC-RVSoC-master/USTC-RVSoC-master/hardware/Vivado/ATIX7/RISC-V/RISC-V.srcs/sources_1/imports/RTL/soc_top.sv:]
WARNING: [filemgmt 56-199] Attempt to get parsing info during refresh. "On-the-fly" syntax checking information may be incorrect. [C:/Users/YangZhen/Documents/VivadoProject/USTC-RVSoC-master/USTC-RVSoC-master/hardware/Vivado/ATIX7/RISC-V/RISC-V.srcs/sources_1/imports/RTL/naive_bus_router.sv:]
WARNING: [filemgmt 56-199] Attempt to get parsing info during refresh. "On-the-fly" syntax checking information may be incorrect. [C:/Users/YangZhen/Documents/VivadoProject/USTC-RVSoC-master/USTC-RVSoC-master/hardware/Vivado/ATIX7/RISC-V/RISC-V.srcs/sources_1/imports/RTL/video_ram.sv:]
WARNING: [filemgmt 56-199] Attempt to get parsing info during refresh. "On-the-fly" syntax checking information may be incorrect. [C:/Users/YangZhen/Documents/VivadoProject/USTC-RVSoC-master/USTC-RVSoC-master/hardware/Vivado/ATIX7/RISC-V/RISC-V.srcs/sources_1/imports/RTL/ram_bus_wrapper.sv:]
WARNING: [filemgmt 56-199] Attempt to get parsing info during refresh. "On-the-fly" syntax checking information may be incorrect. [C:/Users/YangZhen/Documents/VivadoProject/USTC-RVSoC-master/USTC-RVSoC-master/hardware/Vivado/ATIX7/RISC-V/RISC-V.srcs/sources_1/imports/RTL/isp_uart.sv:]
WARNING: [filemgmt 56-199] Attempt to get parsing info during refresh. "On-the-fly" syntax checking information may be incorrect. [C:/Users/YangZhen/Documents/VivadoProject/USTC-RVSoC-master/USTC-RVSoC-master/hardware/Vivado/ATIX7/RISC-V/RISC-V.srcs/sources_1/new/SPEAKER.v:]
WARNING: [filemgmt 56-199] Attempt to get parsing info during refresh. "On-the-fly" syntax checking information may be incorrect. [C:/Users/YangZhen/Documents/VivadoProject/USTC-RVSoC-master/USTC-RVSoC-master/hardware/Vivado/ATIX7/RISC-V/RISC-V.srcs/sources_1/imports/RTL/user_uart_tx.sv:]
WARNING: [filemgmt 56-199] Attempt to get parsing info during refresh. "On-the-fly" syntax checking information may be incorrect. [C:/Users/YangZhen/Documents/VivadoProject/USTC-RVSoC-master/USTC-RVSoC-master/hardware/Vivado/ATIX7/RISC-V/RISC-V.srcs/sources_1/imports/RTL/soc_top.sv:]
WARNING: [filemgmt 56-199] Attempt to get parsing info during refresh. "On-the-fly" syntax checking information may be incorrect. [C:/Users/YangZhen/Documents/VivadoProject/USTC-RVSoC-master/USTC-RVSoC-master/hardware/Vivado/ATIX7/RISC-V/RISC-V.srcs/sources_1/imports/RTL/naive_bus_router.sv:]
WARNING: [filemgmt 56-199] Attempt to get parsing info during refresh. "On-the-fly" syntax checking information may be incorrect. [C:/Users/YangZhen/Documents/VivadoProject/USTC-RVSoC-master/USTC-RVSoC-master/hardware/Vivado/ATIX7/RISC-V/RISC-V.srcs/sources_1/imports/RTL/video_ram.sv:]
WARNING: [filemgmt 56-199] Attempt to get parsing info during refresh. "On-the-fly" syntax checking information may be incorrect. [C:/Users/YangZhen/Documents/VivadoProject/USTC-RVSoC-master/USTC-RVSoC-master/hardware/Vivado/ATIX7/RISC-V/RISC-V.srcs/sources_1/imports/RTL/ram_bus_wrapper.sv:]
WARNING: [filemgmt 56-199] Attempt to get parsing info during refresh. "On-the-fly" syntax checking information may be incorrect. [C:/Users/YangZhen/Documents/VivadoProject/USTC-RVSoC-master/USTC-RVSoC-master/hardware/Vivado/ATIX7/RISC-V/RISC-V.srcs/sources_1/imports/RTL/isp_uart.sv:]
WARNING: [filemgmt 56-199] Attempt to get parsing info during refresh. "On-the-fly" syntax checking information may be incorrect. [C:/Users/YangZhen/Documents/VivadoProject/USTC-RVSoC-master/USTC-RVSoC-master/hardware/Vivado/ATIX7/RISC-V/RISC-V.srcs/sources_1/new/SPEAKER.v:]
WARNING: [filemgmt 56-199] Attempt to get parsing info during refresh. "On-the-fly" syntax checking information may be incorrect. [C:/Users/YangZhen/Documents/VivadoProject/USTC-RVSoC-master/USTC-RVSoC-master/hardware/Vivado/ATIX7/RISC-V/RISC-V.srcs/sources_1/imports/RTL/user_uart_tx.sv:]
WARNING: [filemgmt 56-199] Attempt to get parsing info during refresh. "On-the-fly" syntax checking information may be incorrect. [C:/Users/YangZhen/Documents/VivadoProject/USTC-RVSoC-master/USTC-RVSoC-master/hardware/Vivado/ATIX7/RISC-V/RISC-V.srcs/sources_1/imports/RTL/soc_top.sv:]
WARNING: [filemgmt 56-199] Attempt to get parsing info during refresh. "On-the-fly" syntax checking information may be incorrect. [C:/Users/YangZhen/Documents/VivadoProject/USTC-RVSoC-master/USTC-RVSoC-master/hardware/Vivado/ATIX7/RISC-V/RISC-V.srcs/sources_1/imports/RTL/naive_bus_router.sv:]
WARNING: [filemgmt 56-199] Attempt to get parsing info during refresh. "On-the-fly" syntax checking information may be incorrect. [C:/Users/YangZhen/Documents/VivadoProject/USTC-RVSoC-master/USTC-RVSoC-master/hardware/Vivado/ATIX7/RISC-V/RISC-V.srcs/sources_1/imports/RTL/video_ram.sv:]
WARNING: [filemgmt 56-199] Attempt to get parsing info during refresh. "On-the-fly" syntax checking information may be incorrect. [C:/Users/YangZhen/Documents/VivadoProject/USTC-RVSoC-master/USTC-RVSoC-master/hardware/Vivado/ATIX7/RISC-V/RISC-V.srcs/sources_1/new/SPEAKER.v:]
WARNING: [filemgmt 56-199] Attempt to get parsing info during refresh. "On-the-fly" syntax checking information may be incorrect. [C:/Users/YangZhen/Documents/VivadoProject/USTC-RVSoC-master/USTC-RVSoC-master/hardware/Vivado/ATIX7/RISC-V/RISC-V.srcs/sources_1/new/pout_seg.v:]
WARNING: [filemgmt 56-199] Attempt to get parsing info during refresh. "On-the-fly" syntax checking information may be incorrect. [C:/Users/YangZhen/Documents/VivadoProject/USTC-RVSoC-master/USTC-RVSoC-master/hardware/Vivado/ATIX7/RISC-V/RISC-V.srcs/sources_1/new/Artix_Soc_Top.v:]
WARNING: [filemgmt 56-199] Attempt to get parsing info during refresh. "On-the-fly" syntax checking information may be incorrect. [C:/Users/YangZhen/Documents/VivadoProject/USTC-RVSoC-master/USTC-RVSoC-master/hardware/Vivado/ATIX7/RISC-V/RISC-V.srcs/sources_1/imports/RTL/soc_top.sv:]
update_compile_order -fileset sources_1
close [ open C:/Users/YangZhen/Documents/VivadoProject/USTC-RVSoC-master/USTC-RVSoC-master/hardware/Vivado/ATIX7/RISC-V/RISC-V.srcs/sources_1/new/SPEAKER.sv w ]
add_files C:/Users/YangZhen/Documents/VivadoProject/USTC-RVSoC-master/USTC-RVSoC-master/hardware/Vivado/ATIX7/RISC-V/RISC-V.srcs/sources_1/new/SPEAKER.sv
update_compile_order -fileset sources_1
export_ip_user_files -of_objects  [get_files C:/Users/YangZhen/Documents/VivadoProject/USTC-RVSoC-master/USTC-RVSoC-master/hardware/Vivado/ATIX7/RISC-V/RISC-V.srcs/sources_1/new/SPEAKER.v] -no_script -reset -force -quiet
remove_files  C:/Users/YangZhen/Documents/VivadoProject/USTC-RVSoC-master/USTC-RVSoC-master/hardware/Vivado/ATIX7/RISC-V/RISC-V.srcs/sources_1/new/SPEAKER.v
file delete -force C:/Users/YangZhen/Documents/VivadoProject/USTC-RVSoC-master/USTC-RVSoC-master/hardware/Vivado/ATIX7/RISC-V/RISC-V.srcs/sources_1/new/SPEAKER.v
update_compile_order -fileset sources_1
WARNING: [filemgmt 56-199] Attempt to get parsing info during refresh. "On-the-fly" syntax checking information may be incorrect. [C:/Users/YangZhen/Documents/VivadoProject/USTC-RVSoC-master/USTC-RVSoC-master/hardware/Vivado/ATIX7/RISC-V/RISC-V.srcs/sources_1/new/SPEAKER.sv:]
WARNING: [filemgmt 56-199] Attempt to get parsing info during refresh. "On-the-fly" syntax checking information may be incorrect. [C:/Users/YangZhen/Documents/VivadoProject/USTC-RVSoC-master/USTC-RVSoC-master/hardware/Vivado/ATIX7/RISC-V/RISC-V.srcs/sources_1/imports/RTL/video_ram.sv:]
WARNING: [filemgmt 56-199] Attempt to get parsing info during refresh. "On-the-fly" syntax checking information may be incorrect. [C:/Users/YangZhen/Documents/VivadoProject/USTC-RVSoC-master/USTC-RVSoC-master/hardware/Vivado/ATIX7/RISC-V/RISC-V.srcs/sources_1/new/SPEAKER.v:]
WARNING: [filemgmt 56-199] Attempt to get parsing info during refresh. "On-the-fly" syntax checking information may be incorrect. [C:/Users/YangZhen/Documents/VivadoProject/USTC-RVSoC-master/USTC-RVSoC-master/hardware/Vivado/ATIX7/RISC-V/RISC-V.srcs/sources_1/new/SPKER.v:]
WARNING: [filemgmt 56-199] Attempt to get parsing info during refresh. "On-the-fly" syntax checking information may be incorrect. [C:/Users/YangZhen/Documents/VivadoProject/USTC-RVSoC-master/USTC-RVSoC-master/hardware/Vivado/ATIX7/RISC-V/RISC-V.srcs/sources_1/imports/RTL/soc_top.sv:]
WARNING: [filemgmt 56-199] Attempt to get parsing info during refresh. "On-the-fly" syntax checking information may be incorrect. [C:/Users/YangZhen/Documents/VivadoProject/USTC-RVSoC-master/USTC-RVSoC-master/hardware/Vivado/ATIX7/RISC-V/RISC-V.srcs/sources_1/new/SPEAKER.sv:]
WARNING: [filemgmt 56-199] Attempt to get parsing info during refresh. "On-the-fly" syntax checking information may be incorrect. [C:/Users/YangZhen/Documents/VivadoProject/USTC-RVSoC-master/USTC-RVSoC-master/hardware/Vivado/ATIX7/RISC-V/RISC-V.srcs/sources_1/imports/RTL/video_ram.sv:]
WARNING: [filemgmt 56-199] Attempt to get parsing info during refresh. "On-the-fly" syntax checking information may be incorrect. [C:/Users/YangZhen/Documents/VivadoProject/USTC-RVSoC-master/USTC-RVSoC-master/hardware/Vivado/ATIX7/RISC-V/RISC-V.srcs/sources_1/imports/RTL/ram_bus_wrapper.sv:]
WARNING: [filemgmt 56-199] Attempt to get parsing info during refresh. "On-the-fly" syntax checking information may be incorrect. [C:/Users/YangZhen/Documents/VivadoProject/USTC-RVSoC-master/USTC-RVSoC-master/hardware/Vivado/ATIX7/RISC-V/RISC-V.srcs/sources_1/imports/RTL/isp_uart.sv:]
WARNING: [filemgmt 56-199] Attempt to get parsing info during refresh. "On-the-fly" syntax checking information may be incorrect. [C:/Users/YangZhen/Documents/VivadoProject/USTC-RVSoC-master/USTC-RVSoC-master/hardware/Vivado/ATIX7/RISC-V/RISC-V.srcs/sources_1/new/SPEAKER.v:]
WARNING: [filemgmt 56-199] Attempt to get parsing info during refresh. "On-the-fly" syntax checking information may be incorrect. [C:/Users/YangZhen/Documents/VivadoProject/USTC-RVSoC-master/USTC-RVSoC-master/hardware/Vivado/ATIX7/RISC-V/RISC-V.srcs/sources_1/imports/RTL/soc_top.sv:]
ERROR: [Common 17-180] Spawn failed: No such file or directory
reset_run synth_1
launch_runs impl_1 -to_step write_bitstream -jobs 8
[Wed Dec 11 21:56:51 2019] Launched synth_1...
Run output will be captured here: C:/Users/YangZhen/Documents/VivadoProject/USTC-RVSoC-master/USTC-RVSoC-master/hardware/Vivado/ATIX7/RISC-V/RISC-V.runs/synth_1/runme.log
[Wed Dec 11 21:56:51 2019] Launched impl_1...
Run output will be captured here: C:/Users/YangZhen/Documents/VivadoProject/USTC-RVSoC-master/USTC-RVSoC-master/hardware/Vivado/ATIX7/RISC-V/RISC-V.runs/impl_1/runme.log
reset_run synth_1
launch_runs impl_1 -to_step write_bitstream -jobs 8
[Wed Dec 11 21:58:28 2019] Launched synth_1...
Run output will be captured here: C:/Users/YangZhen/Documents/VivadoProject/USTC-RVSoC-master/USTC-RVSoC-master/hardware/Vivado/ATIX7/RISC-V/RISC-V.runs/synth_1/runme.log
[Wed Dec 11 21:58:28 2019] Launched impl_1...
Run output will be captured here: C:/Users/YangZhen/Documents/VivadoProject/USTC-RVSoC-master/USTC-RVSoC-master/hardware/Vivado/ATIX7/RISC-V/RISC-V.runs/impl_1/runme.log
WARNING: [filemgmt 56-199] Attempt to get parsing info during refresh. "On-the-fly" syntax checking information may be incorrect. [C:/Users/YangZhen/Documents/VivadoProject/USTC-RVSoC-master/USTC-RVSoC-master/hardware/Vivado/ATIX7/RISC-V/RISC-V.srcs/sources_1/new/SPEAKER.sv:]
WARNING: [filemgmt 56-199] Attempt to get parsing info during refresh. "On-the-fly" syntax checking information may be incorrect. [C:/Users/YangZhen/Documents/VivadoProject/USTC-RVSoC-master/USTC-RVSoC-master/hardware/Vivado/ATIX7/RISC-V/RISC-V.srcs/sources_1/imports/RTL/video_ram.sv:]
WARNING: [filemgmt 56-199] Attempt to get parsing info during refresh. "On-the-fly" syntax checking information may be incorrect. [C:/Users/YangZhen/Documents/VivadoProject/USTC-RVSoC-master/USTC-RVSoC-master/hardware/Vivado/ATIX7/RISC-V/RISC-V.srcs/sources_1/imports/RTL/isp_uart.sv:]
WARNING: [filemgmt 56-199] Attempt to get parsing info during refresh. "On-the-fly" syntax checking information may be incorrect. [C:/Users/YangZhen/Documents/VivadoProject/USTC-RVSoC-master/USTC-RVSoC-master/hardware/Vivado/ATIX7/RISC-V/RISC-V.srcs/sources_1/new/SPEAKER.v:]
WARNING: [filemgmt 56-199] Attempt to get parsing info during refresh. "On-the-fly" syntax checking information may be incorrect. [C:/Users/YangZhen/Documents/VivadoProject/USTC-RVSoC-master/USTC-RVSoC-master/hardware/Vivado/ATIX7/RISC-V/RISC-V.srcs/sources_1/new/Artix_Soc_Top.v:]
WARNING: [filemgmt 56-199] Attempt to get parsing info during refresh. "On-the-fly" syntax checking information may be incorrect. [C:/Users/YangZhen/Documents/VivadoProject/USTC-RVSoC-master/USTC-RVSoC-master/hardware/Vivado/ATIX7/RISC-V/RISC-V.srcs/sources_1/imports/RTL/soc_top.sv:]
ERROR: [Common 17-180] Spawn failed: No such file or directory
exit
INFO: [Common 17-206] Exiting Vivado at Wed Dec 11 22:39:16 2019...
