#-----------------------------------------------------------
# Vivado v2019.1 (64-bit)
# SW Build 2552052 on Fri May 24 14:49:42 MDT 2019
# IP Build 2548770 on Fri May 24 18:01:18 MDT 2019
# Start of session at: Thu Apr 23 16:39:59 2020
# Process ID: 21764
# Current directory: E:/OneDrive - cstdlib/杭电/EDA/VivadoProject/USTC-RVSoC-master/USTC-RVSoC-master/hardware/Vivado/ATIX7/RISC-V
# Command line: vivado.exe -gui_launcher_event rodinguilauncherevent23620 E:\OneDrive - cstdlib\杭电\EDA\VivadoProject\USTC-RVSoC-master\USTC-RVSoC-master\hardware\Vivado\ATIX7\RISC-V\RISC-V.xpr
# Log file: E:/OneDrive - cstdlib/杭电/EDA/VivadoProject/USTC-RVSoC-master/USTC-RVSoC-master/hardware/Vivado/ATIX7/RISC-V/vivado.log
# Journal file: E:/OneDrive - cstdlib/杭电/EDA/VivadoProject/USTC-RVSoC-master/USTC-RVSoC-master/hardware/Vivado/ATIX7/RISC-V\vivado.jou
#-----------------------------------------------------------
start_gui
open_project {E:/OneDrive - cstdlib/杭电/EDA/VivadoProject/USTC-RVSoC-master/USTC-RVSoC-master/hardware/Vivado/ATIX7/RISC-V/RISC-V.xpr}
INFO: [ProjectBase 1-489] The host OS only allows 260 characters in a normal path. The project is stored in a path with more than 80 characters. If you experience issues with IP, Block Designs, or files not being found, please consider moving the project to a location with a shorter path. Alternately consider using the OS subst command to map part of the path to a drive letter.
Current project path is 'E:/OneDrive - cstdlib/杭电/EDA/VivadoProject/USTC-RVSoC-master/USTC-RVSoC-master/hardware/Vivado/ATIX7/RISC-V'
INFO: [Project 1-313] Project file moved from 'C:/Users/YangZhen/Documents/EDA/USTC-RVSoC-master/USTC-RVSoC-master/hardware/Vivado/ATIX7/RISC-V' since last save.
Scanning sources...
Finished scanning sources
INFO: [IP_Flow 19-234] Refreshing IP repositories
INFO: [IP_Flow 19-1704] No user IP repositories specified
INFO: [IP_Flow 19-2313] Loaded Vivado IP repository 'C:/Xilinx/Vivado/2019.1/data/ip'.
update_compile_order -fileset sources_1
reset_run impl_1 -prev_step 
launch_runs impl_1 -to_step write_bitstream -jobs 16
[Thu Apr 23 16:40:37 2020] Launched impl_1...
Run output will be captured here: E:/OneDrive - cstdlib/杭电/EDA/VivadoProject/USTC-RVSoC-master/USTC-RVSoC-master/hardware/Vivado/ATIX7/RISC-V/RISC-V.runs/impl_1/runme.log
reset_run impl_1 -prev_step 
launch_runs impl_1 -to_step write_bitstream -jobs 16
[Thu Apr 23 16:41:53 2020] Launched impl_1...
Run output will be captured here: E:/OneDrive - cstdlib/杭电/EDA/VivadoProject/USTC-RVSoC-master/USTC-RVSoC-master/hardware/Vivado/ATIX7/RISC-V/RISC-V.runs/impl_1/runme.log
reset_run impl_1 -prev_step 
launch_runs impl_1 -to_step write_bitstream -jobs 16
[Thu Apr 23 16:42:59 2020] Launched impl_1...
Run output will be captured here: E:/OneDrive - cstdlib/杭电/EDA/VivadoProject/USTC-RVSoC-master/USTC-RVSoC-master/hardware/Vivado/ATIX7/RISC-V/RISC-V.runs/impl_1/runme.log
exit
INFO: [Common 17-206] Exiting Vivado at Thu Apr 23 16:44:03 2020...
