# do {a1_compile.do}
# ** Warning: (vlib-34) Library already exists at "modelsim_lib/work".
# ** Warning: (vlib-34) Library already exists at "modelsim_lib/msim".
# ** Warning: (vlib-34) Library already exists at "modelsim_lib/msim/xil_defaultlib".
# Model Technology ModelSim SE-64 vmap 10.6e Lib Mapping Utility 2018.06 Jun 23 2018
# vmap xil_defaultlib modelsim_lib/msim/xil_defaultlib 
# Modifying modelsim.ini
# ** Warning: (vlog-159) Mode option -64 is not supported in this context and will be ignored.
# Model Technology ModelSim SE-64 vlog 10.6e Compiler 2018.06 Jun 23 2018
# Start time: 20:17:26 on Oct 08,2019
# vlog -64 -incr -work xil_defaultlib ../../../../project_1.srcs/sources_1/new/a1.v 
# -- Skipping module a1
# 
# Top level modules:
# 	a1
# End time: 20:17:26 on Oct 08,2019, Elapsed time: 0:00:00
# Errors: 0, Warnings: 1
# Model Technology ModelSim SE-64 vlog 10.6e Compiler 2018.06 Jun 23 2018
# Start time: 20:17:26 on Oct 08,2019
# vlog -work xil_defaultlib glbl.v 
# -- Compiling module glbl
# 
# Top level modules:
# 	glbl
# End time: 20:17:26 on Oct 08,2019, Elapsed time: 0:00:00
# Errors: 0, Warnings: 0
