# do {pc_tb_compile.do}
# ** Warning: (vlib-34) Library already exists at "modelsim_lib/work".
# ** Warning: (vlib-34) Library already exists at "modelsim_lib/msim".
# ** Warning: (vlib-34) Library already exists at "modelsim_lib/msim/xil_defaultlib".
# Model Technology ModelSim SE-64 vmap 10.6e Lib Mapping Utility 2018.06 Jun 23 2018
# vmap xil_defaultlib modelsim_lib/msim/xil_defaultlib 
# Modifying C:/modeltech64_10.6e/win64/../modelsim.ini
# ** Warning: (vlog-159) Mode option -64 is not supported in this context and will be ignored.
# Model Technology ModelSim SE-64 vlog 10.6e Compiler 2018.06 Jun 23 2018
# Start time: 20:35:58 on Nov 26,2019
# vlog -64 -incr -work xil_defaultlib ../../../../project_5.srcs/sources_1/new/main.v ../../../../project_5.srcs/sim_1/new/main_tb.v 
# -- Skipping module pc
# -- Skipping module pc_tb
# 
# Top level modules:
# 	pc_tb
# End time: 20:35:58 on Nov 26,2019, Elapsed time: 0:00:00
# Errors: 0, Warnings: 1
# Model Technology ModelSim SE-64 vlog 10.6e Compiler 2018.06 Jun 23 2018
# Start time: 20:35:58 on Nov 26,2019
# vlog -work xil_defaultlib glbl.v 
# -- Compiling module glbl
# 
# Top level modules:
# 	glbl
# End time: 20:35:58 on Nov 26,2019, Elapsed time: 0:00:00
# Errors: 0, Warnings: 0
