# do {vga_tb_compile.do}
# ** Warning: (vlib-34) Library already exists at "modelsim_lib/work".
# ** Warning: (vlib-34) Library already exists at "modelsim_lib/msim".
# ** Warning: (vlib-34) Library already exists at "modelsim_lib/msim/xil_defaultlib".
# Model Technology ModelSim SE-64 vmap 10.6e Lib Mapping Utility 2018.06 Jun 23 2018
# vmap xil_defaultlib modelsim_lib/msim/xil_defaultlib 
# Modifying modelsim.ini
# ** Warning: (vlog-159) Mode option -64 is not supported in this context and will be ignored.
# Model Technology ModelSim SE-64 vlog 10.6e Compiler 2018.06 Jun 23 2018
# Start time: 15:42:29 on Nov 18,2019
# vlog -64 -incr -work xil_defaultlib ../../../../vga_disp.srcs/sources_1/new/vga_disp.v ../../../../vga_disp.srcs/sim_1/new/vga_disp_tb.v 
# init_dbinfo() DATABASE ERROR: (sqlite3_open C:/Users/YangZhen/OneDrive - cstdlib/볼든/EDA/VivadoProject/vga_disp_2/vga_disp.sim/sim_1/behav/modelsim/modelsim_lib/msim/xil_defaultlib/_lib.qdb): unable to open database file
# mtilibWrite(): INTERNAL ERROR: Unexpected null object encountered
# ** Fatal: (vlog-9) Problem while writing token file "C:/Users/YangZhen/OneDrive - cstdlib/볼든/EDA/VivadoProject/vga_disp_2/vga_disp.sim/sim_1/behav/modelsim/modelsim_lib/msim/xil_defaultlib/_temp/vlogt85tvb".
# ** Error: ../../../../vga_disp.srcs/sources_1/new/vga_disp.v(1): Verilog Compiler exiting
# End time: 15:42:30 on Nov 18,2019, Elapsed time: 0:00:01
# Errors: 2, Warnings: 1
# ** Error: C:/modeltech64_10.6e/win64/vlog failed.
# Error in macro ./vga_tb_compile.do line 19
# C:/modeltech64_10.6e/win64/vlog failed.
#     while executing
# "vlog -64 -incr -work xil_defaultlib  \
# "../../../../vga_disp.srcs/sources_1/new/vga_disp.v" \
# "../../../../vga_disp.srcs/sim_1/new/vga_disp_tb.v" \
# "
