# do {vga_tb_compile.do}
# ** Warning: (vlib-34) Library already exists at "modelsim_lib/work".
# ** Warning: (vlib-34) Library already exists at "modelsim_lib/msim".
# ** Warning: (vlib-34) Library already exists at "modelsim_lib/msim/xil_defaultlib".
# Model Technology ModelSim SE-64 vmap 10.6e Lib Mapping Utility 2018.06 Jun 23 2018
# vmap xil_defaultlib modelsim_lib/msim/xil_defaultlib 
# Modifying modelsim.ini
# ** Warning: (vlog-159) Mode option -64 is not supported in this context and will be ignored.
# Model Technology ModelSim SE-64 vlog 10.6e Compiler 2018.06 Jun 23 2018
# Start time: 19:51:06 on Nov 12,2019
# vlog -64 -incr -work xil_defaultlib ../../../../vga_disp.srcs/sources_1/new/vga_disp.v ../../../../vga_disp.srcs/sim_1/new/vga_disp_tb.v 
# -- Skipping module vga_disp
# -- Skipping module vga_tb
# 
# Top level modules:
# 	vga_tb
# End time: 19:51:06 on Nov 12,2019, Elapsed time: 0:00:00
# Errors: 0, Warnings: 1
# Model Technology ModelSim SE-64 vlog 10.6e Compiler 2018.06 Jun 23 2018
# Start time: 19:51:06 on Nov 12,2019
# vlog -work xil_defaultlib glbl.v 
# -- Compiling module glbl
# 
# Top level modules:
# 	glbl
# End time: 19:51:06 on Nov 12,2019, Elapsed time: 0:00:00
# Errors: 0, Warnings: 0
