#-----------------------------------------------------------
# Vivado v2019.1 (64-bit)
# SW Build 2552052 on Fri May 24 14:49:42 MDT 2019
# IP Build 2548770 on Fri May 24 18:01:18 MDT 2019
# Start of session at: Thu May 14 13:53:35 2020
# Process ID: 18012
# Current directory: D:/OneDrive - cstdlib/杭电/EDA/VivadoProject/project_2
# Command line: vivado.exe -gui_launcher_event rodinguilauncherevent18900 D:\OneDrive - cstdlib\杭电\EDA\VivadoProject\project_2\project_2.xpr
# Log file: D:/OneDrive - cstdlib/杭电/EDA/VivadoProject/project_2/vivado.log
# Journal file: D:/OneDrive - cstdlib/杭电/EDA/VivadoProject/project_2\vivado.jou
#-----------------------------------------------------------
start_gui
open_project {D:/OneDrive - cstdlib/杭电/EDA/VivadoProject/project_2/project_2.xpr}
INFO: [Project 1-313] Project file moved from 'C:/Users/YangZhen/OneDrive - cstdlib/杭电/EDA/VivadoProject/project_2' since last save.
Scanning sources...
Finished scanning sources
INFO: [IP_Flow 19-234] Refreshing IP repositories
INFO: [IP_Flow 19-1704] No user IP repositories specified
INFO: [IP_Flow 19-2313] Loaded Vivado IP repository 'C:/Xilinx/Vivado/2019.1/data/ip'.
open_project: Time (s): cpu = 00:00:16 ; elapsed = 00:00:08 . Memory (MB): peak = 974.703 ; gain = 120.145
update_compile_order -fileset sources_1
exit
INFO: [Common 17-206] Exiting Vivado at Thu May 14 13:56:32 2020...
